ExcelToJson:INFO - *****ExcelToJson converter started*****
ExcelToJson:INFO - Converting sheet 'Mexican' to json...
ExcelToJson:INFO - Records found: 26
ExcelToJson:INFO - Converting sheet 'Chinese' to json...
ExcelToJson:INFO - Records found: 24
ExcelToJson:INFO - Converting sheet 'Greek' to json...
ExcelToJson:INFO - Records found: 34
ExcelToJson:INFO - Converting sheet 'Vietnamese' to json...
ExcelToJson:INFO - Records found: 57
ExcelToJson:INFO - Converting sheet 'Cuban' to json...
ExcelToJson:INFO - Records found: 48
ExcelToJson:INFO - Converting sheet 'French' to json...
ExcelToJson:INFO - Records found: 42
ExcelToJson:INFO - Converting sheet 'Italian' to json...
ExcelToJson:INFO - Records found: 23
ExcelToJson:INFO - Converting sheet 'Thai' to json...
ExcelToJson:INFO - Records found: 26
ExcelToJson:INFO - Converting sheet 'Indian' to json...
ExcelToJson:INFO - Records found: 24
ExcelToJson:INFO - Converting sheet 'Japanese' to json...
ExcelToJson:INFO - Records found: 26
ExcelToJson:INFO - Converting sheet 'Korean' to json...
ExcelToJson:INFO - Records found: 26
ExcelToJson:INFO - Converting sheet 'American' to json...
ExcelToJson:INFO - Records found: 24
ExcelToJson:INFO - Converting sheet 'BBQ' to json...
ExcelToJson:INFO - Records found: 24
ExcelToJson:INFO - Done converting excel to json. Saving records...
ExcelToJson:INFO - Records saved.
